<?xml version="1.0" encoding="UTF-8"?>
<!-- Generated by org.testng.reporters.JUnitXMLReporter -->
<testsuite ignored="0" hostname="kaushik" failures="0" tests="7" name="Test" time="175.761" errors="0" timestamp="2023-05-25T12:03:25 IST">
  <testcase classname="demo.appiumFramework.Testbanjara" name="startup" time="33.3"/>
  <testcase classname="demo.appiumFramework.Testbanjara" name="bookings" time="14.682"/>
  <testcase classname="demo.appiumFramework.Testbanjara" name="callUs" time="16.656"/>
  <testcase classname="demo.appiumFramework.Testbanjara" name="aboutUs" time="21.987"/>
  <testcase classname="demo.appiumFramework.Testbanjara" name="info_center" time="26.887"/>
  <testcase classname="demo.appiumFramework.Testbanjara" name="profile" time="15.243"/>
  <testcase classname="demo.appiumFramework.Testbanjara" name="languageChange" time="17.195"/>
</testsuite> <!-- Test -->
